===============================================================
Gobuster v3.0.1
by OJ Reeves (@TheColonial) & Christian Mehlmauer (@_FireFart_)
===============================================================
[+] Url:            http://10.10.72.177
[+] Threads:        10
[+] Wordlist:       ./big.txt
[+] Status codes:   200,204,301,302,307,401,403
[+] User Agent:     gobuster/3.0.1
[+] Extensions:     txt,html,php
[+] Timeout:        10s
===============================================================
2020/11/26 17:58:57 Starting gobuster
===============================================================
/.htaccess (Status: 403)
/.htaccess.txt (Status: 403)
/.htaccess.html (Status: 403)
/.htaccess.php (Status: 403)
/.htpasswd (Status: 403)
/.htpasswd.php (Status: 403)
/.htpasswd.txt (Status: 403)
/.htpasswd.html (Status: 403)
/administrator.php (Status: 200)
/index.html (Status: 200)
/server-status (Status: 403)
===============================================================
2020/11/26 20:05:03 Finished
===============================================================
