===============================================================
Gobuster v3.0.1
by OJ Reeves (@TheColonial) & Christian Mehlmauer (@_FireFart_)
===============================================================
[+] Url:            http://10.10.79.155
[+] Threads:        16
[+] Wordlist:       /opt/wordlists/big.txt
[+] Status codes:   200,204,301,302,307,401,403
[+] User Agent:     gobuster/3.0.1
[+] Timeout:        10s
===============================================================
2021/01/22 02:21:22 Starting gobuster
===============================================================
/.htpasswd (Status: 403)
/.htaccess (Status: 403)
/css (Status: 301)
/js (Status: 301)
/panel (Status: 301)
/server-status (Status: 403)
/uploads (Status: 301)
===============================================================
2021/01/22 02:25:25 Finished
===============================================================
